0 info it worked if it ends with ok
1 verbose cli [ 'C:\\Users\\rohsingh\\AppData\\Roaming\\BlackRock\\node\\\\node.exe',
1 verbose cli   'C:\\Users\\rohsingh\\AppData\\Roaming\\BlackRock\\node\\node_modules\\npm\\bin\\npm-cli.js',
1 verbose cli   'install',
1 verbose cli   'v8-debug' ]
2 info using npm@2.5.1
3 info using node@v0.12.0
4 verbose node symlink C:\Users\rohsingh\AppData\Roaming\BlackRock\node\\node.exe
5 warn package.json path@0.12.7 path is also the name of a node core module.
6 silly cache add args [ 'v8-debug', null ]
7 verbose cache add spec v8-debug
8 silly cache add parsed spec { raw: 'v8-debug',
8 silly cache add   scope: null,
8 silly cache add   name: 'v8-debug',
8 silly cache add   rawSpec: '',
8 silly cache add   spec: '*',
8 silly cache add   type: 'range' }
9 verbose addNamed v8-debug@*
10 silly addNamed semver.valid null
11 silly addNamed semver.validRange *
12 silly addNameRange { name: 'v8-debug', range: '*', hasData: false }
13 silly mapToRegistry name v8-debug
14 silly mapToRegistry using default registry
15 silly mapToRegistry registry http://svn.blackrock.com/artifactory/api/npm/blk-npm
16 silly mapToRegistry uri http://svn.blackrock.com/artifactory/api/npm/blk-npm/v8-debug
17 verbose addNameRange registry:http://svn.blackrock.com/artifactory/api/npm/blk-npm/v8-debug not in flight; fetching
18 verbose request uri http://svn.blackrock.com/artifactory/api/npm/blk-npm/v8-debug
19 verbose request no auth needed
20 info attempt registry request try #1 at 5:49:16 PM
21 verbose request id c34c0a96757d4352
22 http request GET http://svn.blackrock.com/artifactory/api/npm/blk-npm/v8-debug
23 http 404 http://svn.blackrock.com/artifactory/api/npm/blk-npm/v8-debug
24 verbose headers { date: 'Tue, 24 Apr 2018 09:49:16 GMT',
24 verbose headers   server: 'Artifactory/5.8.3',
24 verbose headers   'x-artifactory-id': '321aa58a78863c97:-3da7ff3b:162f4eb00f6:-8000',
24 verbose headers   'content-type': 'application/json',
24 verbose headers   'keep-alive': 'timeout=5, max=100',
24 verbose headers   connection: 'Keep-Alive',
24 verbose headers   'transfer-encoding': 'chunked',
24 verbose headers   'x-rbt-optimized-by': 'sgawac17001 (RiOS 8.6.3) SC' }
25 silly get cb [ 404,
25 silly get   { date: 'Tue, 24 Apr 2018 09:49:16 GMT',
25 silly get     server: 'Artifactory/5.8.3',
25 silly get     'x-artifactory-id': '321aa58a78863c97:-3da7ff3b:162f4eb00f6:-8000',
25 silly get     'content-type': 'application/json',
25 silly get     'keep-alive': 'timeout=5, max=100',
25 silly get     connection: 'Keep-Alive',
25 silly get     'transfer-encoding': 'chunked',
25 silly get     'x-rbt-optimized-by': 'sgawac17001 (RiOS 8.6.3) SC' } ]
26 verbose stack Error: 404 Not Found: artifactory
26 verbose stack     at CachingRegistryClient.<anonymous> (C:\Users\rohsingh\AppData\Roaming\BlackRock\node\node_modules\npm\node_modules\npm-registry-client\lib\request.js:251:14)
26 verbose stack     at Request._callback (C:\Users\rohsingh\AppData\Roaming\BlackRock\node\node_modules\npm\node_modules\npm-registry-client\lib\request.js:178:14)
26 verbose stack     at Request.self.callback (C:\Users\rohsingh\AppData\Roaming\BlackRock\node\node_modules\npm\node_modules\request\request.js:344:22)
26 verbose stack     at Request.emit (events.js:110:17)
26 verbose stack     at Request.<anonymous> (C:\Users\rohsingh\AppData\Roaming\BlackRock\node\node_modules\npm\node_modules\request\request.js:1239:14)
26 verbose stack     at Request.emit (events.js:129:20)
26 verbose stack     at IncomingMessage.<anonymous> (C:\Users\rohsingh\AppData\Roaming\BlackRock\node\node_modules\npm\node_modules\request\request.js:1187:12)
26 verbose stack     at IncomingMessage.emit (events.js:129:20)
26 verbose stack     at _stream_readable.js:908:16
26 verbose stack     at process._tickCallback (node.js:355:11)
27 verbose statusCode 404
28 verbose pkgid artifactory
29 verbose cwd C:\BLKDeveloper\workspace_blk\New-York-Times-Page-Scraper
30 error Windows_NT 6.1.7601
31 error argv "C:\\Users\\rohsingh\\AppData\\Roaming\\BlackRock\\node\\\\node.exe" "C:\\Users\\rohsingh\\AppData\\Roaming\\BlackRock\\node\\node_modules\\npm\\bin\\npm-cli.js" "install" "v8-debug"
32 error node v0.12.0
33 error npm  v2.5.1
34 error code E404
35 error 404 Not Found: artifactory
35 error 404
35 error 404 'artifactory' is not in the npm registry.
35 error 404 You should bug the author to publish it (or use the name yourself!)
35 error 404 It was specified as a dependency of 'mongo-news-scraper'
35 error 404
35 error 404 Note that you can also install from a
35 error 404 tarball, folder, http url, or git url.
36 verbose exit [ 1, true ]
